# Logfile created on 2014-01-05 19:58:43 -0600 by logger.rb/31641
I, [2014-01-05T19:58:43.900687 #58768]  INFO -- : 0:  daemons (1.1.9) from /Users/peterbarnes/.rbenv/versions/1.9.3-p484/lib/ruby/gems/1.9.1/specifications/daemons-1.1.9.gemspec
I, [2014-01-05T19:58:54.039497 #58768]  INFO -- : 0:  eventmachine (1.0.3) from /Users/peterbarnes/.rbenv/versions/1.9.3-p484/lib/ruby/gems/1.9.1/specifications/eventmachine-1.0.3.gemspec
I, [2014-01-05T19:58:54.896730 #58768]  INFO -- : 0:  rack (1.5.2) from /Users/peterbarnes/.rbenv/versions/1.9.3-p484/lib/ruby/gems/1.9.1/specifications/rack-1.5.2.gemspec
I, [2014-01-05T19:58:55.442372 #58768]  INFO -- : 0:  rack-protection (1.5.1) from /Users/peterbarnes/.rbenv/versions/1.9.3-p484/lib/ruby/gems/1.9.1/specifications/rack-protection-1.5.1.gemspec
I, [2014-01-05T19:58:56.028275 #58768]  INFO -- : 0:  tilt (1.4.1) from /Users/peterbarnes/.rbenv/versions/1.9.3-p484/lib/ruby/gems/1.9.1/specifications/tilt-1.4.1.gemspec
I, [2014-01-05T19:58:56.964688 #58768]  INFO -- : 0:  sinatra (1.4.4) from /Users/peterbarnes/.rbenv/versions/1.9.3-p484/lib/ruby/gems/1.9.1/specifications/sinatra-1.4.4.gemspec
I, [2014-01-05T19:58:58.105533 #58768]  INFO -- : 0:  thin (1.6.1) from /Users/peterbarnes/.rbenv/versions/1.9.3-p484/lib/ruby/gems/1.9.1/specifications/thin-1.6.1.gemspec
I, [2014-01-05T19:58:58.106124 #58768]  INFO -- : 0:  bundler (1.5.1) from /Users/peterbarnes/.rbenv/versions/1.9.3-p484/lib/ruby/gems/1.9.1/specifications/bundler-1.5.1.gemspec
I, [2014-01-05T20:08:50.073742 #59709]  INFO -- : 0:  daemons (1.1.9) from /Users/peterbarnes/.rbenv/versions/1.9.3-p484/lib/ruby/gems/1.9.1/specifications/daemons-1.1.9.gemspec
I, [2014-01-05T20:08:50.074304 #59709]  INFO -- : 0:  eventmachine (1.0.3) from /Users/peterbarnes/.rbenv/versions/1.9.3-p484/lib/ruby/gems/1.9.1/specifications/eventmachine-1.0.3.gemspec
I, [2014-01-05T20:08:50.074744 #59709]  INFO -- : 0:  rack (1.5.2) from /Users/peterbarnes/.rbenv/versions/1.9.3-p484/lib/ruby/gems/1.9.1/specifications/rack-1.5.2.gemspec
I, [2014-01-05T20:08:50.075182 #59709]  INFO -- : 0:  rack-protection (1.5.1) from /Users/peterbarnes/.rbenv/versions/1.9.3-p484/lib/ruby/gems/1.9.1/specifications/rack-protection-1.5.1.gemspec
I, [2014-01-05T20:08:50.075606 #59709]  INFO -- : 0:  tilt (1.4.1) from /Users/peterbarnes/.rbenv/versions/1.9.3-p484/lib/ruby/gems/1.9.1/specifications/tilt-1.4.1.gemspec
I, [2014-01-05T20:08:50.076026 #59709]  INFO -- : 0:  sinatra (1.4.4) from /Users/peterbarnes/.rbenv/versions/1.9.3-p484/lib/ruby/gems/1.9.1/specifications/sinatra-1.4.4.gemspec
I, [2014-01-05T20:08:50.076448 #59709]  INFO -- : 0:  thin (1.6.1) from /Users/peterbarnes/.rbenv/versions/1.9.3-p484/lib/ruby/gems/1.9.1/specifications/thin-1.6.1.gemspec
I, [2014-01-05T20:08:50.076851 #59709]  INFO -- : 0:  bundler (1.5.1) from /Users/peterbarnes/.rbenv/versions/1.9.3-p484/lib/ruby/gems/1.9.1/specifications/bundler-1.5.1.gemspec
I, [2014-01-05T20:22:52.927493 #60121]  INFO -- : 0:  daemons (1.1.9) from /Users/peterbarnes/.rbenv/versions/1.9.3-p484/lib/ruby/gems/1.9.1/specifications/daemons-1.1.9.gemspec
I, [2014-01-05T20:22:52.928019 #60121]  INFO -- : 0:  eventmachine (1.0.3) from /Users/peterbarnes/.rbenv/versions/1.9.3-p484/lib/ruby/gems/1.9.1/specifications/eventmachine-1.0.3.gemspec
I, [2014-01-05T20:22:52.928402 #60121]  INFO -- : 0:  rack (1.5.2) from /Users/peterbarnes/.rbenv/versions/1.9.3-p484/lib/ruby/gems/1.9.1/specifications/rack-1.5.2.gemspec
I, [2014-01-05T20:22:52.928962 #60121]  INFO -- : 0:  rack-protection (1.5.1) from /Users/peterbarnes/.rbenv/versions/1.9.3-p484/lib/ruby/gems/1.9.1/specifications/rack-protection-1.5.1.gemspec
I, [2014-01-05T20:22:52.929318 #60121]  INFO -- : 0:  tilt (1.4.1) from /Users/peterbarnes/.rbenv/versions/1.9.3-p484/lib/ruby/gems/1.9.1/specifications/tilt-1.4.1.gemspec
I, [2014-01-05T20:22:52.929661 #60121]  INFO -- : 0:  sinatra (1.4.4) from /Users/peterbarnes/.rbenv/versions/1.9.3-p484/lib/ruby/gems/1.9.1/specifications/sinatra-1.4.4.gemspec
I, [2014-01-05T20:22:52.930000 #60121]  INFO -- : 0:  thin (1.6.1) from /Users/peterbarnes/.rbenv/versions/1.9.3-p484/lib/ruby/gems/1.9.1/specifications/thin-1.6.1.gemspec
I, [2014-01-05T20:22:52.930341 #60121]  INFO -- : 0:  bundler (1.5.1) from /Users/peterbarnes/.rbenv/versions/1.9.3-p484/lib/ruby/gems/1.9.1/specifications/bundler-1.5.1.gemspec
I, [2014-01-05T20:30:52.545255 #60648]  INFO -- : 0:  daemons (1.1.9) from /Library/Ruby/Gems/2.0.0/specifications/daemons-1.1.9.gemspec
I, [2014-01-05T20:31:03.260990 #60648]  INFO -- : 0:  eventmachine (1.0.3) from /Library/Ruby/Gems/2.0.0/specifications/eventmachine-1.0.3.gemspec
I, [2014-01-05T20:31:03.285367 #60648]  INFO -- : 0:  rack (1.5.2) from /Library/Ruby/Gems/2.0.0/specifications/rack-1.5.2.gemspec
I, [2014-01-05T20:31:03.286043 #60648]  INFO -- : 0:  rack-protection (1.5.1) from /Library/Ruby/Gems/2.0.0/specifications/rack-protection-1.5.1.gemspec
I, [2014-01-05T20:31:03.286657 #60648]  INFO -- : 0:  tilt (1.4.1) from /Library/Ruby/Gems/2.0.0/specifications/tilt-1.4.1.gemspec
I, [2014-01-05T20:31:03.287297 #60648]  INFO -- : 0:  sinatra (1.4.4) from /Library/Ruby/Gems/2.0.0/specifications/sinatra-1.4.4.gemspec
I, [2014-01-05T20:31:05.456911 #60648]  INFO -- : 0:  thin (1.6.1) from /Library/Ruby/Gems/2.0.0/specifications/thin-1.6.1.gemspec
I, [2014-01-05T20:31:05.466043 #60648]  INFO -- : 0:  bundler (1.5.1) from /Library/Ruby/Gems/2.0.0/specifications/bundler-1.5.1.gemspec
I, [2014-01-05T21:04:53.204017 #62442]  INFO -- : 0:  i18n (0.6.9) from /Library/Ruby/Gems/2.0.0/specifications/i18n-0.6.9.gemspec
I, [2014-01-05T21:04:53.630604 #62442]  INFO -- : 0:  multi_json (1.8.2) from /Library/Ruby/Gems/2.0.0/specifications/multi_json-1.8.2.gemspec
I, [2014-01-05T21:04:54.609433 #62442]  INFO -- : 0:  activesupport (3.2.16) from /Library/Ruby/Gems/2.0.0/specifications/activesupport-3.2.16.gemspec
I, [2014-01-05T21:04:55.802829 #62442]  INFO -- : 0:  builder (3.0.4) from /Library/Ruby/Gems/2.0.0/specifications/builder-3.0.4.gemspec
I, [2014-01-05T21:04:56.388408 #62442]  INFO -- : 0:  activemodel (3.2.16) from /Library/Ruby/Gems/2.0.0/specifications/activemodel-3.2.16.gemspec
I, [2014-01-05T21:04:56.388927 #62442]  INFO -- : 0:  daemons (1.1.9) from /Library/Ruby/Gems/2.0.0/specifications/daemons-1.1.9.gemspec
I, [2014-01-05T21:04:56.389273 #62442]  INFO -- : 0:  eventmachine (1.0.3) from /Library/Ruby/Gems/2.0.0/specifications/eventmachine-1.0.3.gemspec
I, [2014-01-05T21:04:57.569510 #62442]  INFO -- : 0:  moped (1.5.1) from /Library/Ruby/Gems/2.0.0/specifications/moped-1.5.1.gemspec
I, [2014-01-05T21:04:58.757767 #62442]  INFO -- : 0:  origin (1.1.0) from /Library/Ruby/Gems/2.0.0/specifications/origin-1.1.0.gemspec
I, [2014-01-05T21:05:00.359368 #62442]  INFO -- : 0:  tzinfo (0.3.38) from /Library/Ruby/Gems/2.0.0/specifications/tzinfo-0.3.38.gemspec
I, [2014-01-05T21:05:02.234921 #62442]  INFO -- : 0:  mongoid (3.1.6) from /Library/Ruby/Gems/2.0.0/specifications/mongoid-3.1.6.gemspec
I, [2014-01-05T21:05:02.235345 #62442]  INFO -- : 0:  rack (1.5.2) from /Library/Ruby/Gems/2.0.0/specifications/rack-1.5.2.gemspec
I, [2014-01-05T21:05:02.235644 #62442]  INFO -- : 0:  rack-protection (1.5.1) from /Library/Ruby/Gems/2.0.0/specifications/rack-protection-1.5.1.gemspec
I, [2014-01-05T21:05:02.235924 #62442]  INFO -- : 0:  tilt (1.4.1) from /Library/Ruby/Gems/2.0.0/specifications/tilt-1.4.1.gemspec
I, [2014-01-05T21:05:02.236197 #62442]  INFO -- : 0:  sinatra (1.4.4) from /Library/Ruby/Gems/2.0.0/specifications/sinatra-1.4.4.gemspec
I, [2014-01-05T21:05:02.236470 #62442]  INFO -- : 0:  thin (1.6.1) from /Library/Ruby/Gems/2.0.0/specifications/thin-1.6.1.gemspec
I, [2014-01-05T21:05:02.236711 #62442]  INFO -- : 0:  bundler (1.5.1) from /Library/Ruby/Gems/2.0.0/specifications/bundler-1.5.1.gemspec
